OL PCTs [0.30873295117612176, 0.3061395532713975, 0.30726230480332084, 0.3090413125123542, 0.3067009290373592, 0.30975291559596757, 0.30927851354022534, 0.30883573828819927, 0.30883573828819927, 0.30883573828819927]

TITAS [0.1151917306316259, 0.2324778563656439, 0.3529055747532515, 0.4785692808968421, 0.6136577650012079, 0.7623598172711313, 0.8932595111707118, 0.8953539062731051, 0.8953539062731051, 0.8953539062731051]

Posiciones
0.1151917306316259 
0.2324778563656439 9.19497203942934 0.0 -79.46982124803172
0.3529055747532515 18.431154134127183 0.0 -77.84788087857014
0.4785692808968421 27.65006190561552 0.0 -75.06979470210125
0.6136577650012079 36.840773021839304 0.0 -71.01237528173041
0.7623598172711313 46.06893607883264 0.0 -65.40376998739777
0.8932595111707118 55.25040046795431 0.0 -57.85666122522691
0.8953539062731051 62.329535317093125 0.0 -50.150065076281216
0.8953539062731051 62.43443258706708 0.0 -50.01941250685554
0.8953539062731051 62.43443258706708 0.0 -50.01941250685554

0
1
2
3
4
5
6
7
8
9
OL PCTs [0.30873295117612176, 0.3061395532713975, 0.30726230480332084, 0.3090413125123542, 0.3067009290373592, 0.30975291559596757, 0.30927851354022534, 0.30883573828819927, 0.30883573828819927, 0.30883573828819927]
TITAS [0.1151917306316259, 0.2324778563656439, 0.3529055747532515, 0.4785692808968421, 0.6136577650012079, 0.7623598172711313, 0.8932595111707118, 0.8953539062731051, 0.8953539062731051, 0.8953539062731051]
0.1151917306316259 9.19497203942934 0.0 -79.46982124803172
0.2324778563656439 18.431154134127183 0.0 -77.84788087857014
0.3529055747532515 27.65006190561552 0.0 -75.06979470210125
0.4785692808968421 36.840773021839304 0.0 -71.01237528173041
0.6136577650012079 46.06893607883264 0.0 -65.40376998739777
0.7623598172711313 55.25040046795431 0.0 -57.85666122522691
0.8932595111707118 62.329535317093125 0.0 -50.150065076281216
0.8953539062731051 62.43443258706708 0.0 -50.01941250685554
0.8953539062731051 62.43443258706708 0.0 -50.01941250685554
0.8953539062731051 62.43443258706708 0.0 -50.01941250685554
